
=====================CORRECTNESS CHECKING========================


[yreijne@fs0 isolation]$ time gpurun -t 1:0:0 gmix.o 
Reservation number 2627182: Reserved 1 hosts for 3600 seconds 
Run on 1 hosts for 3660 seconds from Tue May 12 22:02:59 2020
: node024/0 
 Made it through
           46           46
           47           47
           48           48
           49           49
           50           50
           51           51
           52           52
           53           53
           54           54
           55           55
           56           56
           57           57
           58           58
           59           59
           60           60
           61           61
           62           62
           63           63
           64           64
           65           65

real    0m3.778s
user    0m0.034s
sys     0m0.020s


[yreijne@fs0 isolation]$ pgf90 -acc -Minfo=all -ta=tesla:managed -o cache.o cache.f
mixer:
     70, Generating Tesla code
         71, !$acc loop gang, vector(128) ! blockidx%x threadidx%x
     70, Generating implicit copyout(ipos(:it),ipose(:it)) [if not already present]
         Generating implicit copyin(cache(:it,:2,:)) [if not already present]
         Generating implicit copy(.S0000) [if not already present]
intpos:
     95, Generating acc routine seq
         Generating Tesla code
[yreijne@fs0 isolation]$ time gpurun  cache.o
Reservation number 2627195: Reserved 1 hosts for 900 seconds 
Run on 1 hosts for 960 seconds from Tue May 12 22:22:27 2020
: node024/0 
 Made it through
           46           46
           47           47
           48           48
           49           49
           50           50
           51           51
           52           52
           53           53
           54           54
           55           55
           56           56
           57           57
           58           58
           59           59
           60           60
           61           61
           62           62
           63           63
           64           64
           65           65

real    0m3.013s
user    0m0.037s
sys     0m0.020s